CriminalIntent(22)/app/build/outputs/logs/manifest-merger-debug-report.txt
-- Merging decision tree log ---
manifest
ADDED from src\main\AndroidManifest.xml:2:1-56:12
	package
		ADDED from src\main\AndroidManifest.xml:3:3-52
		INJECTED from src\main\AndroidManifest.xml
		INJECTED from src\main\AndroidManifest.xml
	android:versionName
		ADDED from src\main\AndroidManifest.xml:5:3-28
	android:versionCode
		ADDED from src\main\AndroidManifest.xml:4:3-26
		INJECTED from src\main\AndroidManifest.xml
		INJECTED from src\main\AndroidManifest.xml
	xmlns:android
		ADDED from src\main\AndroidManifest.xml:2:11-69
uses-sdk
ADDED from src\main\AndroidManifest.xml:7:3-70
	android:targetSdkVersion
		ADDED from src\main\AndroidManifest.xml:7:39-68
		INJECTED from src\main\AndroidManifest.xml
		INJECTED from src\main\AndroidManifest.xml
	android:minSdkVersion
		ADDED from src\main\AndroidManifest.xml:7:13-38
		INJECTED from src\main\AndroidManifest.xml
		INJECTED from src\main\AndroidManifest.xml
uses-permission#android.permission.READ_CONTACTS
ADDED from src\main\AndroidManifest.xml:8:3-70
	android:name
		ADDED from src\main\AndroidManifest.xml:8:20-67
uses-permission#android.permission.CAMERA
ADDED from src\main\AndroidManifest.xml:9:3-63
	android:name
		ADDED from src\main\AndroidManifest.xml:9:20-60
uses-feature#android.hardware.camera
ADDED from src\main\AndroidManifest.xml:10:3-58
	android:name
		ADDED from src\main\AndroidManifest.xml:10:17-55
application
ADDED from src\main\AndroidManifest.xml:12:3-54:17
	android:label
		ADDED from src\main\AndroidManifest.xml:14:5-37
	android:icon
		ADDED from src\main\AndroidManifest.xml:13:5-41
	android:theme
		ADDED from src\main\AndroidManifest.xml:15:5-36
activity#com.bignerdranch.android.criminalintent.CrimeListActivity
ADDED from src\main\AndroidManifest.xml:20:5-26:16
	android:name
		ADDED from src\main\AndroidManifest.xml:20:15-48
intent-filter#android.intent.action.MAIN+android.intent.category.LAUNCHER
ADDED from src\main\AndroidManifest.xml:21:7-25:23
action#android.intent.action.MAIN
ADDED from src\main\AndroidManifest.xml:22:9-61
	android:name
		ADDED from src\main\AndroidManifest.xml:22:17-58
category#android.intent.category.LAUNCHER
ADDED from src\main\AndroidManifest.xml:24:9-69
	android:name
		ADDED from src\main\AndroidManifest.xml:24:19-66
activity#com.bignerdranch.android.criminalintent.CrimeActivity
ADDED from src\main\AndroidManifest.xml:31:5-36:16
	android:label
		ADDED from src\main\AndroidManifest.xml:33:7-39
	android:name
		ADDED from src\main\AndroidManifest.xml:32:7-36
meta-data#android.support.PARENT_ACTIVITY
ADDED from src\main\AndroidManifest.xml:34:7-35:45
	android:value
		ADDED from src\main\AndroidManifest.xml:35:9-43
	android:name
		ADDED from src\main\AndroidManifest.xml:34:18-64
activity#com.bignerdranch.android.criminalintent.CrimePagerActivity
ADDED from src\main\AndroidManifest.xml:41:5-45:16
	android:label
		ADDED from src\main\AndroidManifest.xml:42:7-39
	android:name
		ADDED from src\main\AndroidManifest.xml:41:15-49
activity#com.bignerdranch.android.criminalintent.CrimeCameraActivity
ADDED from src\main\AndroidManifest.xml:49:5-52:16
	android:screenOrientation
		ADDED from src\main\AndroidManifest.xml:50:7-44
	android:label
		ADDED from src\main\AndroidManifest.xml:51:7-39
	android:name
		ADDED from src\main\AndroidManifest.xml:49:15-50